Using pre-set license
Built from '2020.3/staging' branch; Version is '2020.3.4f1 (0abb6314276a) revision 703331'; Using compiler version '192528614'; Build Type 'Release'
OS: 'Windows 10 Home; OS build 19042.1110; Version 2009; 64bit' Language: 'en' Physical Memory: 16322 MB
BatchMode: 1, IsHumanControllingUs: 0, StartBugReporterOnCrash: 0, Is64bit: 1, IsPro: 0

 COMMAND LINE ARGUMENTS:
D:\SpelD\Unity\Editor\2020.3.4f1\Editor\Unity.exe
-adb2
-batchMode
-noUpm
-name
AssetImportWorker0
-projectPath
D:/SpelD/Unity/Projects/Junior Programmer/JP - OOP mission
-logFile
Logs/AssetImportWorker0.log
-srvPort
51686
Successfully changed project path to: D:/SpelD/Unity/Projects/Junior Programmer/JP - OOP mission
D:/SpelD/Unity/Projects/Junior Programmer/JP - OOP mission
Using Asset Import Pipeline V2.
Refreshing native plugins compatible for Editor in 75.04 ms, found 0 plugins.
Preloading 0 native plugins for Editor in 0.00 ms.
Initialize engine version: 2020.3.4f1 (0abb6314276a)
[Subsystems] Discovering subsystems at path D:/SpelD/Unity/Editor/2020.3.4f1/Editor/Data/Resources/UnitySubsystems
[Subsystems] Discovering subsystems at path D:/SpelD/Unity/Projects/Junior Programmer/JP - OOP mission/Assets
GfxDevice: creating device client; threaded=0
Direct3D:
    Version:  Direct3D 11.0 [level 11.1]
    Renderer: NVIDIA GeForce GTX 980M (ID=0x1617)
    Vendor:   
    VRAM:     4053 MB
    Driver:   30.0.14.7111
Initialize mono
Mono path[0] = 'D:/SpelD/Unity/Editor/2020.3.4f1/Editor/Data/Managed'
Mono path[1] = 'D:/SpelD/Unity/Editor/2020.3.4f1/Editor/Data/MonoBleedingEdge/lib/mono/unityjit'
Mono config path = 'D:/SpelD/Unity/Editor/2020.3.4f1/Editor/Data/MonoBleedingEdge/etc'
Using monoOptions --debugger-agent=transport=dt_socket,embedding=1,server=y,suspend=n,address=127.0.0.1:56648
Begin MonoManager ReloadAssembly
Registering precompiled unity dll's ...
Register platform support module: D:/SpelD/Unity/Editor/2020.3.4f1/Editor/Data/PlaybackEngines/WebGLSupport/UnityEditor.WebGL.Extensions.dll
Register platform support module: D:/SpelD/Unity/Editor/2020.3.4f1/Editor/Data/PlaybackEngines/WindowsStandaloneSupport/UnityEditor.WindowsStandalone.Extensions.dll
Registered in 0.002297 seconds.
Native extension for WindowsStandalone target not found
Native extension for WebGL target not found
Refreshing native plugins compatible for Editor in 77.65 ms, found 0 plugins.
Preloading 0 native plugins for Editor in 0.00 ms.
Mono: successfully reloaded assembly
- Completed reload, in  1.995 seconds
Platform modules already initialized, skipping
Registering precompiled user dll's ...
Registered in 0.002631 seconds.
Begin MonoManager ReloadAssembly
Native extension for WindowsStandalone target not found
Native extension for WebGL target not found
Refreshing native plugins compatible for Editor in 70.96 ms, found 0 plugins.
Preloading 0 native plugins for Editor in 0.00 ms.
Mono: successfully reloaded assembly
- Completed reload, in  1.538 seconds
Platform modules already initialized, skipping
========================================================================
Worker process is ready to serve import requests
Shader 'Universal Render Pipeline/Particles/Lit': fallback shader 'Universal Render Pipeline/Particles/SimpleLit' not found
Shader 'Universal Render Pipeline/Particles/Lit': fallback shader 'Universal Render Pipeline/Particles/SimpleLit' not found
Launched and connected shader compiler UnityShaderCompiler.exe after 0.06 seconds
Refreshing native plugins compatible for Editor in 0.50 ms, found 0 plugins.
Preloading 0 native plugins for Editor in 0.00 ms.
Unloading 2431 Unused Serialized files (Serialized files now loaded: 0)
System memory in use before: 114.6 MB.
System memory in use after: 112.2 MB.

Unloading 44 unused Assets to reduce memory usage. Loaded Objects now: 2840.
Total: 4.630900 ms (FindLiveObjects: 0.418600 ms CreateObjectMapping: 0.170600 ms MarkObjects: 2.326700 ms  DeleteObjects: 1.713300 ms)

========================================================================
Received Import Request.
  path: Assets/Scripts/GameEvents.cs
  artifactKey: Guid(e3b0ee239320a234eae6dc014d4b117d) Importer(815301076,1909f56bfc062723c751e8b465ee728b)
Start importing Assets/Scripts/GameEvents.cs using Guid(e3b0ee239320a234eae6dc014d4b117d) Importer(815301076,1909f56bfc062723c751e8b465ee728b)  -> (artifact id: '422386d830efbf74d3fc7f4f4cafae13') in 0.070644 seconds
  Import took 0.076750 seconds .

========================================================================
Received Import Request.
  Time since last request: 174.548618 seconds.
  path: Assets/Scripts/GameEvents.cs
  artifactKey: Guid(e3b0ee239320a234eae6dc014d4b117d) Importer(815301076,1909f56bfc062723c751e8b465ee728b)
Start importing Assets/Scripts/GameEvents.cs using Guid(e3b0ee239320a234eae6dc014d4b117d) Importer(815301076,1909f56bfc062723c751e8b465ee728b)  -> (artifact id: 'ab47de2d8607e3d45c99da07803f66f2') in 0.015665 seconds
  Import took 0.024133 seconds .

========================================================================
Received Import Request.
  Time since last request: 0.013084 seconds.
  path: Assets/Scripts/GameEvents.cs
  artifactKey: Guid(e3b0ee239320a234eae6dc014d4b117d) Importer(815301076,1909f56bfc062723c751e8b465ee728b)
Start importing Assets/Scripts/GameEvents.cs using Guid(e3b0ee239320a234eae6dc014d4b117d) Importer(815301076,1909f56bfc062723c751e8b465ee728b)  -> (artifact id: 'ab47de2d8607e3d45c99da07803f66f2') in 0.003580 seconds
  Import took 0.009152 seconds .

========================================================================
Received Import Request.
  Time since last request: 4.728817 seconds.
  path: Assets/Scripts/EffectSO.cs
  artifactKey: Guid(0da1a084175646d468390ce92648762e) Importer(815301076,1909f56bfc062723c751e8b465ee728b)
Start importing Assets/Scripts/EffectSO.cs using Guid(0da1a084175646d468390ce92648762e) Importer(815301076,1909f56bfc062723c751e8b465ee728b)  -> (artifact id: '8585af83e0ef2537ecb0f60f22535f58') in 0.003295 seconds
  Import took 0.008872 seconds .

========================================================================
Received Import Request.
  Time since last request: 0.016268 seconds.
  path: Assets/Scripts/EffectSO.cs
  artifactKey: Guid(0da1a084175646d468390ce92648762e) Importer(815301076,1909f56bfc062723c751e8b465ee728b)
Start importing Assets/Scripts/EffectSO.cs using Guid(0da1a084175646d468390ce92648762e) Importer(815301076,1909f56bfc062723c751e8b465ee728b)  -> (artifact id: '8585af83e0ef2537ecb0f60f22535f58') in 0.002606 seconds
  Import took 0.007456 seconds .

========================================================================
Received Import Request.
  Time since last request: 12.319736 seconds.
  path: Assets/Scripts/GameEvent.cs
  artifactKey: Guid(e3b0ee239320a234eae6dc014d4b117d) Importer(815301076,1909f56bfc062723c751e8b465ee728b)
Start importing Assets/Scripts/GameEvent.cs using Guid(e3b0ee239320a234eae6dc014d4b117d) Importer(815301076,1909f56bfc062723c751e8b465ee728b)  -> (artifact id: 'd90ca43c0cdc2bf83af23fdbfb5f486b') in 0.011539 seconds
  Import took 0.016500 seconds .

========================================================================
Received Import Request.
  Time since last request: 0.004468 seconds.
  path: Assets/Scripts/GameEvent.cs
  artifactKey: Guid(e3b0ee239320a234eae6dc014d4b117d) Importer(815301076,1909f56bfc062723c751e8b465ee728b)
Start importing Assets/Scripts/GameEvent.cs using Guid(e3b0ee239320a234eae6dc014d4b117d) Importer(815301076,1909f56bfc062723c751e8b465ee728b)  -> (artifact id: 'd90ca43c0cdc2bf83af23fdbfb5f486b') in 0.002840 seconds
  Import took 0.009841 seconds .

========================================================================
Received Import Request.
  Time since last request: 79.391586 seconds.
  path: Assets/Scripts/GameEventListener.cs
  artifactKey: Guid(ec67eda03f1f3564aa1f2dcea9490164) Importer(815301076,1909f56bfc062723c751e8b465ee728b)
Start importing Assets/Scripts/GameEventListener.cs using Guid(ec67eda03f1f3564aa1f2dcea9490164) Importer(815301076,1909f56bfc062723c751e8b465ee728b)  -> (artifact id: 'c35edc30edf1fb9a0fc62d3507c3be5c') in 0.012861 seconds
  Import took 0.018614 seconds .

========================================================================
Received Import Request.
  Time since last request: 0.000925 seconds.
  path: Assets/Scripts/GameEventListener.cs
  artifactKey: Guid(ec67eda03f1f3564aa1f2dcea9490164) Importer(815301076,1909f56bfc062723c751e8b465ee728b)
Start importing Assets/Scripts/GameEventListener.cs using Guid(ec67eda03f1f3564aa1f2dcea9490164) Importer(815301076,1909f56bfc062723c751e8b465ee728b)  -> (artifact id: 'c35edc30edf1fb9a0fc62d3507c3be5c') in 0.003628 seconds
  Import took 0.009942 seconds .

========================================================================
Received Import Request.
  Time since last request: 2909.785988 seconds.
  path: Assets/Scripts/GameEventListener.cs
  artifactKey: Guid(ec67eda03f1f3564aa1f2dcea9490164) Importer(815301076,1909f56bfc062723c751e8b465ee728b)
Start importing Assets/Scripts/GameEventListener.cs using Guid(ec67eda03f1f3564aa1f2dcea9490164) Importer(815301076,1909f56bfc062723c751e8b465ee728b)  -> (artifact id: '83eb5e9551694694aa434a98a7d19253') in 0.002963 seconds
  Import took 0.035778 seconds .

AssetImportWorkerClient::OnTransportError - code=2 error=End of file
