Using pre-set license
Built from '2020.3/staging' branch; Version is '2020.3.4f1 (0abb6314276a) revision 703331'; Using compiler version '192528614'; Build Type 'Release'
OS: 'Windows 10 Home; OS build 19043.1288; Version 2009; 64bit' Language: 'en' Physical Memory: 16322 MB
BatchMode: 1, IsHumanControllingUs: 0, StartBugReporterOnCrash: 0, Is64bit: 1, IsPro: 0

 COMMAND LINE ARGUMENTS:
D:\SpelD\Unity\Editor\2020.3.4f1\Editor\Unity.exe
-adb2
-batchMode
-noUpm
-name
AssetImportWorker0
-projectPath
D:/SpelD/Unity/Projects/Junior Programmer/JP - OOP mission
-logFile
Logs/AssetImportWorker0.log
-srvPort
63059
Successfully changed project path to: D:/SpelD/Unity/Projects/Junior Programmer/JP - OOP mission
D:/SpelD/Unity/Projects/Junior Programmer/JP - OOP mission
Using Asset Import Pipeline V2.
Refreshing native plugins compatible for Editor in 60.52 ms, found 0 plugins.
Preloading 0 native plugins for Editor in 0.00 ms.
Initialize engine version: 2020.3.4f1 (0abb6314276a)
[Subsystems] Discovering subsystems at path D:/SpelD/Unity/Editor/2020.3.4f1/Editor/Data/Resources/UnitySubsystems
[Subsystems] Discovering subsystems at path D:/SpelD/Unity/Projects/Junior Programmer/JP - OOP mission/Assets
GfxDevice: creating device client; threaded=0
Direct3D:
    Version:  Direct3D 11.0 [level 11.1]
    Renderer: NVIDIA GeForce GTX 980M (ID=0x1617)
    Vendor:   
    VRAM:     4053 MB
    Driver:   30.0.14.7212
Initialize mono
Mono path[0] = 'D:/SpelD/Unity/Editor/2020.3.4f1/Editor/Data/Managed'
Mono path[1] = 'D:/SpelD/Unity/Editor/2020.3.4f1/Editor/Data/MonoBleedingEdge/lib/mono/unityjit'
Mono config path = 'D:/SpelD/Unity/Editor/2020.3.4f1/Editor/Data/MonoBleedingEdge/etc'
Using monoOptions --debugger-agent=transport=dt_socket,embedding=1,server=y,suspend=n,address=127.0.0.1:56732
Begin MonoManager ReloadAssembly
Registering precompiled unity dll's ...
Register platform support module: D:/SpelD/Unity/Editor/2020.3.4f1/Editor/Data/PlaybackEngines/WebGLSupport/UnityEditor.WebGL.Extensions.dll
Register platform support module: D:/SpelD/Unity/Editor/2020.3.4f1/Editor/Data/PlaybackEngines/WindowsStandaloneSupport/UnityEditor.WindowsStandalone.Extensions.dll
Registered in 0.001871 seconds.
Native extension for WindowsStandalone target not found
Native extension for WebGL target not found
Refreshing native plugins compatible for Editor in 51.54 ms, found 0 plugins.
Preloading 0 native plugins for Editor in 0.00 ms.
Mono: successfully reloaded assembly
- Completed reload, in  1.681 seconds
Platform modules already initialized, skipping
Registering precompiled user dll's ...
Registered in 0.001642 seconds.
Begin MonoManager ReloadAssembly
Native extension for WindowsStandalone target not found
Native extension for WebGL target not found
Refreshing native plugins compatible for Editor in 59.09 ms, found 0 plugins.
Preloading 0 native plugins for Editor in 0.00 ms.
Mono: successfully reloaded assembly
- Completed reload, in  1.121 seconds
Platform modules already initialized, skipping
========================================================================
Worker process is ready to serve import requests
Shader 'Universal Render Pipeline/Particles/Lit': fallback shader 'Universal Render Pipeline/Particles/SimpleLit' not found
Shader 'Universal Render Pipeline/Particles/Lit': fallback shader 'Universal Render Pipeline/Particles/SimpleLit' not found
Launched and connected shader compiler UnityShaderCompiler.exe after 0.06 seconds
Refreshing native plugins compatible for Editor in 0.79 ms, found 0 plugins.
Preloading 0 native plugins for Editor in 0.00 ms.
Unloading 2432 Unused Serialized files (Serialized files now loaded: 0)
System memory in use before: 114.9 MB.
System memory in use after: 112.5 MB.

Unloading 44 unused Assets to reduce memory usage. Loaded Objects now: 2841.
Total: 4.409800 ms (FindLiveObjects: 0.307400 ms CreateObjectMapping: 0.217300 ms MarkObjects: 2.283200 ms  DeleteObjects: 1.600800 ms)

========================================================================
Received Import Request.
  path: Assets/Audio/Ambience
  artifactKey: Guid(33b28fe630f7b494c9bac293f6c95fef) Importer(815301076,1909f56bfc062723c751e8b465ee728b)
Start importing Assets/Audio/Ambience using Guid(33b28fe630f7b494c9bac293f6c95fef) Importer(815301076,1909f56bfc062723c751e8b465ee728b)  -> (artifact id: '503c2233857d963b2ae584ce67b11338') in 0.005778 seconds
  Import took 0.010324 seconds .

========================================================================
Received Import Request.
  Time since last request: 0.000419 seconds.
  path: Assets/Audio/Ambience/138018__martats__fireplace.wav
  artifactKey: Guid(f1c9720803918b74793c2a9d8b576fc8) Importer(815301076,1909f56bfc062723c751e8b465ee728b)
Start importing Assets/Audio/Ambience/138018__martats__fireplace.wav using Guid(f1c9720803918b74793c2a9d8b576fc8) Importer(815301076,1909f56bfc062723c751e8b465ee728b)  -> (artifact id: 'd937bd75ecc93bdebf15987c06aa435b') in 0.215026 seconds
  Import took 0.219046 seconds .

========================================================================
Received Import Request.
  Time since last request: 11.547773 seconds.
  path: Assets/Audio/41529__jamius__potiondrinklong.wav
  artifactKey: Guid(eca95cb596445734cb76cd1d04c7c7b3) Importer(815301076,1909f56bfc062723c751e8b465ee728b)
Start importing Assets/Audio/41529__jamius__potiondrinklong.wav using Guid(eca95cb596445734cb76cd1d04c7c7b3) Importer(815301076,1909f56bfc062723c751e8b465ee728b)  -> (artifact id: '7521736fe85f1552d1d3d74697e38b29') in 0.011905 seconds
  Import took 0.017638 seconds .

========================================================================
Received Import Request.
  Time since last request: 18.623734 seconds.
  path: Assets/Audio/CHAINImpt_InsJ_Chains_Metal_Dropping_Close_01-01.wav
  artifactKey: Guid(b0b1005e6e189b944be44f1d6cdbd424) Importer(815301076,1909f56bfc062723c751e8b465ee728b)
Start importing Assets/Audio/CHAINImpt_InsJ_Chains_Metal_Dropping_Close_01-01.wav using Guid(b0b1005e6e189b944be44f1d6cdbd424) Importer(815301076,1909f56bfc062723c751e8b465ee728b)  -> (artifact id: 'b5a493bc655d4495e6cf6ea405a98eec') in 0.025809 seconds
  Import took 0.030582 seconds .

========================================================================
Received Prepare
Registering precompiled user dll's ...
Registered in 0.002657 seconds.
Begin MonoManager ReloadAssembly
Native extension for WindowsStandalone target not found
Native extension for WebGL target not found
Refreshing native plugins compatible for Editor in 0.52 ms, found 0 plugins.
Preloading 0 native plugins for Editor in 0.00 ms.
Mono: successfully reloaded assembly
- Completed reload, in  1.101 seconds
Platform modules already initialized, skipping
Shader 'Universal Render Pipeline/Particles/Lit': fallback shader 'Universal Render Pipeline/Particles/SimpleLit' not found
Shader 'Universal Render Pipeline/Particles/Lit': fallback shader 'Universal Render Pipeline/Particles/SimpleLit' not found
Refreshing native plugins compatible for Editor in 0.51 ms, found 0 plugins.
Preloading 0 native plugins for Editor in 0.00 ms.
Unloading 2355 Unused Serialized files (Serialized files now loaded: 0)
System memory in use before: 114.4 MB.
System memory in use after: 111.9 MB.

Unloading 39 unused Assets to reduce memory usage. Loaded Objects now: 2853.
Total: 4.611400 ms (FindLiveObjects: 0.769600 ms CreateObjectMapping: 0.215500 ms MarkObjects: 2.293600 ms  DeleteObjects: 1.331600 ms)

========================================================================
Received Import Request.
  Time since last request: 919.078272 seconds.
  path: Assets/Scripts/Brewing.cs
  artifactKey: Guid(42ce22a7728dcd44d9203057ea7af5cc) Importer(815301076,1909f56bfc062723c751e8b465ee728b)
Start importing Assets/Scripts/Brewing.cs using Guid(42ce22a7728dcd44d9203057ea7af5cc) Importer(815301076,1909f56bfc062723c751e8b465ee728b)  -> (artifact id: '6d9fc0c6eebfe1ea1ae2d710aac35363') in 0.028187 seconds
  Import took 0.083300 seconds .

========================================================================
Received Import Request.
  Time since last request: 147.873665 seconds.
  path: Assets/Audio/DropSounds/571138__dfsd32111__movepotion.mp3
  artifactKey: Guid(d76bc3e712d9fa743b313200f66a47f0) Importer(815301076,1909f56bfc062723c751e8b465ee728b)
Start importing Assets/Audio/DropSounds/571138__dfsd32111__movepotion.mp3 using Guid(d76bc3e712d9fa743b313200f66a47f0) Importer(815301076,1909f56bfc062723c751e8b465ee728b)  -> (artifact id: '7cdd974e940b53416ce90cb7d3b18cc4') in 0.071038 seconds
  Import took 0.104393 seconds .

========================================================================
Received Import Request.
  Time since last request: 44.977751 seconds.
  path: Assets/Data/Effects/Blue.asset
  artifactKey: Guid(c1c5715466072354d92ce94bbd214613) Importer(815301076,1909f56bfc062723c751e8b465ee728b)
Start importing Assets/Data/Effects/Blue.asset using Guid(c1c5715466072354d92ce94bbd214613) Importer(815301076,1909f56bfc062723c751e8b465ee728b)  -> (artifact id: 'a2b4ea48665a582a0f7083e07c9b56b0') in 0.019974 seconds
  Import took 0.048462 seconds .

========================================================================
Received Import Request.
  Time since last request: 3.449036 seconds.
  path: Assets/Data/Effects/Red.asset
  artifactKey: Guid(cdeb207138b0d384e86ca7616685c071) Importer(815301076,1909f56bfc062723c751e8b465ee728b)
Start importing Assets/Data/Effects/Red.asset using Guid(cdeb207138b0d384e86ca7616685c071) Importer(815301076,1909f56bfc062723c751e8b465ee728b)  -> (artifact id: '50532177f82d9585cc0906dc3107b48d') in 0.003578 seconds
  Import took 0.008368 seconds .

========================================================================
Received Import Request.
  Time since last request: 4.245135 seconds.
  path: Assets/Data/Ingredients/BluePotion.asset
  artifactKey: Guid(a59a0fee2cffc3c4db6bd44c2c668eb7) Importer(815301076,1909f56bfc062723c751e8b465ee728b)
Start importing Assets/Data/Ingredients/BluePotion.asset using Guid(a59a0fee2cffc3c4db6bd44c2c668eb7) Importer(815301076,1909f56bfc062723c751e8b465ee728b)  -> (artifact id: 'c0cc313d59be0c316cc2ca237df28828') in 0.005897 seconds
  Import took 0.032287 seconds .

========================================================================
Received Import Request.
  Time since last request: 3.749545 seconds.
  path: Assets/Data/Ingredients/BrownMushroom.asset
  artifactKey: Guid(d94b3c6c305ea7c4eaa7c705d2d2e0bf) Importer(815301076,1909f56bfc062723c751e8b465ee728b)
Start importing Assets/Data/Ingredients/BrownMushroom.asset using Guid(d94b3c6c305ea7c4eaa7c705d2d2e0bf) Importer(815301076,1909f56bfc062723c751e8b465ee728b)  -> (artifact id: '54fc9009bcd3734e8570f353967ad44d') in 0.008383 seconds
  Import took 0.064397 seconds .

========================================================================
Received Import Request.
  Time since last request: 6.757870 seconds.
  path: Assets/Data/Ingredients/YellowMushroom.asset
  artifactKey: Guid(4b66f7f770e83854f87d82edee732b15) Importer(815301076,1909f56bfc062723c751e8b465ee728b)
Start importing Assets/Data/Ingredients/YellowMushroom.asset using Guid(4b66f7f770e83854f87d82edee732b15) Importer(815301076,1909f56bfc062723c751e8b465ee728b)  -> (artifact id: '8ad662d8d76417777a5982a6967fa738') in 0.038080 seconds
  Import took 0.075418 seconds .

========================================================================
Received Import Request.
  Time since last request: 3.096600 seconds.
  path: Assets/Data/References/Blue.asset
  artifactKey: Guid(b7e1ca830dc9e4845aed555fca9f0339) Importer(815301076,1909f56bfc062723c751e8b465ee728b)
Start importing Assets/Data/References/Blue.asset using Guid(b7e1ca830dc9e4845aed555fca9f0339) Importer(815301076,1909f56bfc062723c751e8b465ee728b)  -> (artifact id: '1244c4865fe19577d030a66da724911f') in 0.003206 seconds
  Import took 0.054615 seconds .

========================================================================
Received Import Request.
  Time since last request: 0.788853 seconds.
  path: Assets/Data/References/Green.asset
  artifactKey: Guid(95f722787c6f3bd419cff3c3fbb6f9c7) Importer(815301076,1909f56bfc062723c751e8b465ee728b)
Start importing Assets/Data/References/Green.asset using Guid(95f722787c6f3bd419cff3c3fbb6f9c7) Importer(815301076,1909f56bfc062723c751e8b465ee728b)  -> (artifact id: '5b98472bc4fddf88ebd3bbcf5a0dce8c') in 0.003370 seconds
  Import took 0.045422 seconds .

========================================================================
Received Import Request.
  Time since last request: 0.854989 seconds.
  path: Assets/Data/References/Orange.asset
  artifactKey: Guid(a9debbdd842c1b948a961c776ce612b1) Importer(815301076,1909f56bfc062723c751e8b465ee728b)
Start importing Assets/Data/References/Orange.asset using Guid(a9debbdd842c1b948a961c776ce612b1) Importer(815301076,1909f56bfc062723c751e8b465ee728b)  -> (artifact id: 'fa9c6500f0621f67479ef0c9f8d1538d') in 0.003188 seconds
  Import took 0.053758 seconds .

========================================================================
Received Import Request.
  Time since last request: 0.539381 seconds.
  path: Assets/Data/References/Purple.asset
  artifactKey: Guid(c9f900e15e1532b4bb9c26711b21c7ed) Importer(815301076,1909f56bfc062723c751e8b465ee728b)
Start importing Assets/Data/References/Purple.asset using Guid(c9f900e15e1532b4bb9c26711b21c7ed) Importer(815301076,1909f56bfc062723c751e8b465ee728b)  -> (artifact id: 'd3787cd126c0c003e50c26904e1057f3') in 0.004154 seconds
  Import took 0.054691 seconds .

========================================================================
Received Import Request.
  Time since last request: 0.688820 seconds.
  path: Assets/Data/References/Red.asset
  artifactKey: Guid(026de6f83239f77438a3a06bee2f29bc) Importer(815301076,1909f56bfc062723c751e8b465ee728b)
Start importing Assets/Data/References/Red.asset using Guid(026de6f83239f77438a3a06bee2f29bc) Importer(815301076,1909f56bfc062723c751e8b465ee728b)  -> (artifact id: '0ef7622ae7eb2f99ec4193946ad674ac') in 0.058938 seconds
  Import took 0.095341 seconds .

========================================================================
Received Import Request.
  Time since last request: 0.468033 seconds.
  path: Assets/Data/References/Yellow.asset
  artifactKey: Guid(cb4333375a74b8b4d96350649b4fb311) Importer(815301076,1909f56bfc062723c751e8b465ee728b)
Start importing Assets/Data/References/Yellow.asset using Guid(cb4333375a74b8b4d96350649b4fb311) Importer(815301076,1909f56bfc062723c751e8b465ee728b)  -> (artifact id: '334fd8e57b0f8d7948830083d33ed96b') in 0.003184 seconds
  Import took 0.084267 seconds .

========================================================================
Received Prepare
Registering precompiled user dll's ...
Registered in 0.001642 seconds.
Begin MonoManager ReloadAssembly
Native extension for WindowsStandalone target not found
Native extension for WebGL target not found
Refreshing native plugins compatible for Editor in 0.57 ms, found 0 plugins.
Preloading 0 native plugins for Editor in 0.00 ms.
Mono: successfully reloaded assembly
- Completed reload, in  1.208 seconds
Platform modules already initialized, skipping
Shader 'Universal Render Pipeline/Particles/Lit': fallback shader 'Universal Render Pipeline/Particles/SimpleLit' not found
Shader 'Universal Render Pipeline/Particles/Lit': fallback shader 'Universal Render Pipeline/Particles/SimpleLit' not found
Refreshing native plugins compatible for Editor in 0.47 ms, found 0 plugins.
Preloading 0 native plugins for Editor in 0.00 ms.
Unloading 2355 Unused Serialized files (Serialized files now loaded: 0)
System memory in use before: 114.4 MB.
System memory in use after: 112.0 MB.

Unloading 39 unused Assets to reduce memory usage. Loaded Objects now: 2857.
Total: 4.147800 ms (FindLiveObjects: 0.457700 ms CreateObjectMapping: 0.130300 ms MarkObjects: 2.000600 ms  DeleteObjects: 1.557600 ms)

========================================================================
Received Prepare
Registering precompiled user dll's ...
Registered in 0.001713 seconds.
Begin MonoManager ReloadAssembly
Native extension for WindowsStandalone target not found
Native extension for WebGL target not found
Refreshing native plugins compatible for Editor in 0.45 ms, found 0 plugins.
Preloading 0 native plugins for Editor in 0.00 ms.
Mono: successfully reloaded assembly
- Completed reload, in  0.995 seconds
Platform modules already initialized, skipping
Shader 'Universal Render Pipeline/Particles/Lit': fallback shader 'Universal Render Pipeline/Particles/SimpleLit' not found
Shader 'Universal Render Pipeline/Particles/Lit': fallback shader 'Universal Render Pipeline/Particles/SimpleLit' not found
Refreshing native plugins compatible for Editor in 0.48 ms, found 0 plugins.
Preloading 0 native plugins for Editor in 0.00 ms.
Unloading 2355 Unused Serialized files (Serialized files now loaded: 0)
System memory in use before: 114.4 MB.
System memory in use after: 112.0 MB.

Unloading 39 unused Assets to reduce memory usage. Loaded Objects now: 2860.
Total: 4.393600 ms (FindLiveObjects: 0.460400 ms CreateObjectMapping: 0.152700 ms MarkObjects: 2.330700 ms  DeleteObjects: 1.448800 ms)

========================================================================
Received Prepare
Registering precompiled user dll's ...
Registered in 0.002680 seconds.
Begin MonoManager ReloadAssembly
Native extension for WindowsStandalone target not found
Native extension for WebGL target not found
Refreshing native plugins compatible for Editor in 0.44 ms, found 0 plugins.
Preloading 0 native plugins for Editor in 0.00 ms.
Mono: successfully reloaded assembly
- Completed reload, in  1.050 seconds
Platform modules already initialized, skipping
Shader 'Universal Render Pipeline/Particles/Lit': fallback shader 'Universal Render Pipeline/Particles/SimpleLit' not found
Shader 'Universal Render Pipeline/Particles/Lit': fallback shader 'Universal Render Pipeline/Particles/SimpleLit' not found
Refreshing native plugins compatible for Editor in 0.55 ms, found 0 plugins.
Preloading 0 native plugins for Editor in 0.00 ms.
Unloading 2355 Unused Serialized files (Serialized files now loaded: 0)
System memory in use before: 114.4 MB.
System memory in use after: 112.0 MB.

Unloading 39 unused Assets to reduce memory usage. Loaded Objects now: 2863.
Total: 5.851500 ms (FindLiveObjects: 0.294800 ms CreateObjectMapping: 0.142100 ms MarkObjects: 3.118800 ms  DeleteObjects: 2.294200 ms)

========================================================================
Received Prepare
Registering precompiled user dll's ...
Registered in 0.001912 seconds.
Begin MonoManager ReloadAssembly
Native extension for WindowsStandalone target not found
Native extension for WebGL target not found
Refreshing native plugins compatible for Editor in 0.61 ms, found 0 plugins.
Preloading 0 native plugins for Editor in 0.00 ms.
Mono: successfully reloaded assembly
- Completed reload, in  1.047 seconds
Platform modules already initialized, skipping
Shader 'Universal Render Pipeline/Particles/Lit': fallback shader 'Universal Render Pipeline/Particles/SimpleLit' not found
Shader 'Universal Render Pipeline/Particles/Lit': fallback shader 'Universal Render Pipeline/Particles/SimpleLit' not found
Refreshing native plugins compatible for Editor in 0.48 ms, found 0 plugins.
Preloading 0 native plugins for Editor in 0.00 ms.
Unloading 2355 Unused Serialized files (Serialized files now loaded: 0)
System memory in use before: 114.3 MB.
System memory in use after: 111.9 MB.

Unloading 39 unused Assets to reduce memory usage. Loaded Objects now: 2866.
Total: 4.300500 ms (FindLiveObjects: 0.298100 ms CreateObjectMapping: 0.134400 ms MarkObjects: 2.291700 ms  DeleteObjects: 1.575400 ms)

========================================================================
Received Prepare
Registering precompiled user dll's ...
Registered in 0.001599 seconds.
Begin MonoManager ReloadAssembly
Native extension for WindowsStandalone target not found
Native extension for WebGL target not found
Refreshing native plugins compatible for Editor in 0.46 ms, found 0 plugins.
Preloading 0 native plugins for Editor in 0.00 ms.
Mono: successfully reloaded assembly
- Completed reload, in  1.021 seconds
Platform modules already initialized, skipping
Shader 'Universal Render Pipeline/Particles/Lit': fallback shader 'Universal Render Pipeline/Particles/SimpleLit' not found
Shader 'Universal Render Pipeline/Particles/Lit': fallback shader 'Universal Render Pipeline/Particles/SimpleLit' not found
Refreshing native plugins compatible for Editor in 0.46 ms, found 0 plugins.
Preloading 0 native plugins for Editor in 0.00 ms.
Unloading 2355 Unused Serialized files (Serialized files now loaded: 0)
System memory in use before: 114.5 MB.
System memory in use after: 112.1 MB.

Unloading 39 unused Assets to reduce memory usage. Loaded Objects now: 2869.
Total: 5.519500 ms (FindLiveObjects: 0.524500 ms CreateObjectMapping: 0.175500 ms MarkObjects: 3.081500 ms  DeleteObjects: 1.736700 ms)

========================================================================
Received Import Request.
  Time since last request: 8726.896677 seconds.
  path: Assets/Scripts/ItemSO.cs
  artifactKey: Guid(a62e33cf9a001cb479f2d1feaa7a2b31) Importer(815301076,1909f56bfc062723c751e8b465ee728b)
Start importing Assets/Scripts/ItemSO.cs using Guid(a62e33cf9a001cb479f2d1feaa7a2b31) Importer(815301076,1909f56bfc062723c751e8b465ee728b)  -> (artifact id: 'b1d9fb032de82c97334a0def29270a73') in 0.008878 seconds
  Import took 0.058406 seconds .

========================================================================
Received Import Request.
  Time since last request: 0.002182 seconds.
  path: Assets/Scripts/ItemSO.cs
  artifactKey: Guid(a62e33cf9a001cb479f2d1feaa7a2b31) Importer(815301076,1909f56bfc062723c751e8b465ee728b)
Start importing Assets/Scripts/ItemSO.cs using Guid(a62e33cf9a001cb479f2d1feaa7a2b31) Importer(815301076,1909f56bfc062723c751e8b465ee728b)  -> (artifact id: 'b1d9fb032de82c97334a0def29270a73') in 0.003082 seconds
  Import took 0.008463 seconds .

========================================================================
Received Prepare
Registering precompiled user dll's ...
Registered in 0.001546 seconds.
Begin MonoManager ReloadAssembly
Native extension for WindowsStandalone target not found
Native extension for WebGL target not found
Refreshing native plugins compatible for Editor in 0.58 ms, found 0 plugins.
Preloading 0 native plugins for Editor in 0.00 ms.
Mono: successfully reloaded assembly
- Completed reload, in  1.059 seconds
Platform modules already initialized, skipping
Shader 'Universal Render Pipeline/Particles/Lit': fallback shader 'Universal Render Pipeline/Particles/SimpleLit' not found
Shader 'Universal Render Pipeline/Particles/Lit': fallback shader 'Universal Render Pipeline/Particles/SimpleLit' not found
Refreshing native plugins compatible for Editor in 0.46 ms, found 0 plugins.
Preloading 0 native plugins for Editor in 0.00 ms.
Unloading 2355 Unused Serialized files (Serialized files now loaded: 0)
System memory in use before: 114.4 MB.
System memory in use after: 112.1 MB.

Unloading 39 unused Assets to reduce memory usage. Loaded Objects now: 2872.
Total: 4.599400 ms (FindLiveObjects: 0.299400 ms CreateObjectMapping: 0.133400 ms MarkObjects: 2.389100 ms  DeleteObjects: 1.776500 ms)

========================================================================
Received Import Request.
  Time since last request: 88.781806 seconds.
  path: Assets/Scripts/ItemSO.cs
  artifactKey: Guid(a62e33cf9a001cb479f2d1feaa7a2b31) Importer(815301076,1909f56bfc062723c751e8b465ee728b)
Start importing Assets/Scripts/ItemSO.cs using Guid(a62e33cf9a001cb479f2d1feaa7a2b31) Importer(815301076,1909f56bfc062723c751e8b465ee728b)  -> (artifact id: 'c4b58a04c69b2d344772cbd0c84b371f') in 0.007772 seconds
  Import took 0.063496 seconds .

========================================================================
Received Prepare
Registering precompiled user dll's ...
Registered in 0.002223 seconds.
Begin MonoManager ReloadAssembly
Native extension for WindowsStandalone target not found
Native extension for WebGL target not found
Refreshing native plugins compatible for Editor in 0.65 ms, found 0 plugins.
Preloading 0 native plugins for Editor in 0.00 ms.
Mono: successfully reloaded assembly
- Completed reload, in  1.077 seconds
Platform modules already initialized, skipping
Shader 'Universal Render Pipeline/Particles/Lit': fallback shader 'Universal Render Pipeline/Particles/SimpleLit' not found
Shader 'Universal Render Pipeline/Particles/Lit': fallback shader 'Universal Render Pipeline/Particles/SimpleLit' not found
Refreshing native plugins compatible for Editor in 0.47 ms, found 0 plugins.
Preloading 0 native plugins for Editor in 0.00 ms.
Unloading 2355 Unused Serialized files (Serialized files now loaded: 0)
System memory in use before: 114.4 MB.
System memory in use after: 112.1 MB.

Unloading 39 unused Assets to reduce memory usage. Loaded Objects now: 2875.
Total: 4.897200 ms (FindLiveObjects: 0.364100 ms CreateObjectMapping: 0.164500 ms MarkObjects: 2.421200 ms  DeleteObjects: 1.946200 ms)

========================================================================
Received Import Request.
  Time since last request: 7025.373359 seconds.
  path: Assets/Scripts/IngredientSO.cs
  artifactKey: Guid(c15387888956af443bca6142235c6d3e) Importer(815301076,1909f56bfc062723c751e8b465ee728b)
Start importing Assets/Scripts/IngredientSO.cs using Guid(c15387888956af443bca6142235c6d3e) Importer(815301076,1909f56bfc062723c751e8b465ee728b)  -> (artifact id: '3c6a24cc06bfe5d90d59bc51398a2e2d') in 0.025173 seconds
  Import took 0.054405 seconds .

